
> music-bot@1.0.0 start
> node server.js

{"level":"info","message":"Server running on port 3000","timestamp":"2025-09-19T15:05:01.186Z"}
{"headers":{"accept":"*/*","authorization":"Missing","host":"localhost:3000","user-agent":"curl/7.88.1"},"level":"info","message":"GET /health","query":{},"timestamp":"2025-09-19T15:05:06.705Z"}
{"headers":{"accept":"*/*","authorization":"Missing","host":"localhost:3000","user-agent":"curl/7.88.1"},"level":"info","message":"GET /auth","query":{},"timestamp":"2025-09-19T15:05:11.851Z"}
{"level":"info","message":"Requesting Spotify access token","timestamp":"2025-09-19T15:05:11.851Z"}
{"error":"invalid_client","error_description":"Invalid client","level":"error","message":"Spotify Auth Error:","timestamp":"2025-09-19T15:05:11.930Z"}
{"headers":{"accept":"*/*","accept-encoding":"gzip, deflate, br, zstd","authorization":"Missing","cache-control":"no-cache","connection":"keep-alive","host":"localhost:3000","referer":"http://localhost:3000/","sec-ch-ua":"\"Chromium\";v=\"136\", \"HeadlessChrome\";v=\"136\", \"Not.A/Brand\";v=\"99\"","sec-ch-ua-mobile":"?0","sec-ch-ua-platform":"\"Linux\"","sec-fetch-dest":"empty","sec-fetch-mode":"cors","sec-fetch-site":"same-origin","user-agent":"Mozilla/5.0 (X11; Linux x86_64) AppleWebKit/537.36 (KHTML, like Gecko) HeadlessChrome/136.0.7103.25 Safari/537.36"},"level":"info","message":"GET /auth","query":{},"timestamp":"2025-09-19T15:05:37.045Z"}
{"level":"info","message":"Requesting Spotify access token","timestamp":"2025-09-19T15:05:37.046Z"}
{"error":"invalid_client","error_description":"Invalid client","level":"error","message":"Spotify Auth Error:","timestamp":"2025-09-19T15:05:37.079Z"}
{"headers":{"accept":"*/*","accept-encoding":"gzip, deflate, br, zstd","authorization":"Missing","cache-control":"no-cache","connection":"keep-alive","content-type":"application/json","host":"localhost:3000","referer":"http://localhost:3000/","sec-ch-ua":"\"Chromium\";v=\"136\", \"HeadlessChrome\";v=\"136\", \"Not.A/Brand\";v=\"99\"","sec-ch-ua-mobile":"?0","sec-ch-ua-platform":"\"Linux\"","sec-fetch-dest":"empty","sec-fetch-mode":"cors","sec-fetch-site":"same-origin","user-agent":"Mozilla/5.0 (X11; Linux x86_64) AppleWebKit/537.36 (KHTML, like Gecko) HeadlessChrome/136.0.7103.25 Safari/537.36"},"level":"info","message":"GET /soundcloud-search","query":{"q":"test song"},"timestamp":"2025-09-19T15:05:37.083Z"}
{"level":"info","message":"Searching SoundCloud with query: test song","timestamp":"2025-09-19T15:05:37.084Z"}
{"code":"ERR_BAD_REQUEST","level":"error","message":"SoundCloud Search Error: Request failed with status code 403","response":{},"status":403,"timestamp":"2025-09-19T15:05:37.320Z"}
{"headers":{"accept":"*/*","accept-encoding":"gzip, deflate, br, zstd","authorization":"Missing","cache-control":"no-cache","connection":"keep-alive","content-type":"application/json","host":"localhost:3000","referer":"http://localhost:3000/","sec-ch-ua":"\"Chromium\";v=\"136\", \"HeadlessChrome\";v=\"136\", \"Not.A/Brand\";v=\"99\"","sec-ch-ua-mobile":"?0","sec-ch-ua-platform":"\"Linux\"","sec-fetch-dest":"empty","sec-fetch-mode":"cors","sec-fetch-site":"same-origin","user-agent":"Mozilla/5.0 (X11; Linux x86_64) AppleWebKit/537.36 (KHTML, like Gecko) HeadlessChrome/136.0.7103.25 Safari/537.36"},"level":"info","message":"GET /soundcloud-search-alt","query":{"q":"test song"},"timestamp":"2025-09-19T15:05:37.323Z"}
{"level":"info","message":"Using alternative SoundCloud search for: test song","timestamp":"2025-09-19T15:05:37.323Z"}
{"level":"error","message":"Alternative SoundCloud Search Error:","timestamp":"2025-09-19T15:05:37.816Z"}
{"headers":{"accept":"*/*","authorization":"Missing","host":"localhost:3000","user-agent":"curl/7.88.1"},"level":"info","message":"GET /health","query":{},"timestamp":"2025-09-19T15:26:48.419Z"}
ec-fetch-mode":"cors","sec-fetch-site":"same-origin","user-agent":"Mozilla/5.0 (X11; Linux x86_64) AppleWebKit/537.36 (KHTML, like Gecko) HeadlessChrome/136.0.7103.25 Safari/537.36"},"level":"info","message":"GET /soundcloud-search-alt","query":{"q":"test song"},"timestamp":"2025-09-19T15:05:37.323Z"}
{"level":"info","message":"Using alternative SoundCloud search for: test song","timestamp":"2025-09-19T15:05:37.323Z"}
{"level":"error","message":"Alternative SoundCloud Search Error:","timestamp":"2025-09-19T15:05:37.816Z"}
{"headers":{"accept":"*/*","authorization":"Missing","host":"localhost:3000","user-agent":"curl/7.88.1"},"level":"info","message":"GET /health","query":{},"timestamp":"2025-09-19T15:26:48.419Z"}
